# gmm-latgen-faster --max-active=7000 --beam=13.0 --lattice-beam=6.0 --acoustic-scale=0.083333 --allow-partial=true --word-symbol-table=exp/mono/graph/words.txt exp/mono/final.mdl exp/mono/graph/HCLG.fst "ark,s,cs:apply-cmvn  --utt2spk=ark:data/test/split1/1/utt2spk scp:data/test/split1/1/cmvn.scp scp:data/test/split1/1/feats.scp ark:- | add-deltas  ark:- ark:- |" "ark:|gzip -c > exp/mono/decode/lat.1.gz" 
# Started at Sat Aug 15 16:07:06 WEST 2020
#
gmm-latgen-faster --max-active=7000 --beam=13.0 --lattice-beam=6.0 --acoustic-scale=0.083333 --allow-partial=true --word-symbol-table=exp/mono/graph/words.txt exp/mono/final.mdl exp/mono/graph/HCLG.fst 'ark,s,cs:apply-cmvn  --utt2spk=ark:data/test/split1/1/utt2spk scp:data/test/split1/1/cmvn.scp scp:data/test/split1/1/feats.scp ark:- | add-deltas  ark:- ark:- |' 'ark:|gzip -c > exp/mono/decode/lat.1.gz' 
add-deltas ark:- ark:- 
apply-cmvn --utt2spk=ark:data/test/split1/1/utt2spk scp:data/test/split1/1/cmvn.scp scp:data/test/split1/1/feats.scp ark:- 
LOG (apply-cmvn[5.5.698~1-b1786]:main():apply-cmvn.cc:162) Applied cepstral mean normalization to 5 utterances, errors on 0
pedro_cão_cão_cão_cão cão cão cão cão 
LOG (gmm-latgen-faster[5.5.698~1-b1786]:DecodeUtteranceLatticeFaster():decoder-wrappers.cc:375) Log-like per frame for utterance pedro_cão_cão_cão_cão is -7.48945 over 416 frames.
pedro_cão_gato_cão_gato cão gato cão gato 
LOG (gmm-latgen-faster[5.5.698~1-b1786]:DecodeUtteranceLatticeFaster():decoder-wrappers.cc:375) Log-like per frame for utterance pedro_cão_gato_cão_gato is -6.97671 over 309 frames.
pedro_leão_cão_cão_cão leão cão cão cão 
LOG (gmm-latgen-faster[5.5.698~1-b1786]:DecodeUtteranceLatticeFaster():decoder-wrappers.cc:375) Log-like per frame for utterance pedro_leão_cão_cão_cão is -6.79532 over 335 frames.
pedro_sapo_cão_gato_leão2 sapo cão gato leão 
LOG (gmm-latgen-faster[5.5.698~1-b1786]:DecodeUtteranceLatticeFaster():decoder-wrappers.cc:375) Log-like per frame for utterance pedro_sapo_cão_gato_leão2 is -7.99163 over 380 frames.
pedro_sapo_gato_cão_leão sapo gato cão leão 
LOG (gmm-latgen-faster[5.5.698~1-b1786]:DecodeUtteranceLatticeFaster():decoder-wrappers.cc:375) Log-like per frame for utterance pedro_sapo_gato_cão_leão is -7.30991 over 301 frames.
LOG (gmm-latgen-faster[5.5.698~1-b1786]:main():gmm-latgen-faster.cc:176) Time taken 0.0624511s: real-time factor assuming 100 frames/sec is 0.00358708
LOG (gmm-latgen-faster[5.5.698~1-b1786]:main():gmm-latgen-faster.cc:179) Done 5 utterances, failed for 0
LOG (gmm-latgen-faster[5.5.698~1-b1786]:main():gmm-latgen-faster.cc:181) Overall log-likelihood per frame is -7.34345 over 1741 frames.
# Accounting: time=1 threads=1
# Ended (code 0) at Sat Aug 15 16:07:07 WEST 2020, elapsed time 1 seconds
