# gmm-align-compiled --transition-scale=1.0 --acoustic-scale=0.1 --self-loop-scale=0.1 --beam=10 --retry-beam=40 --careful=false "gmm-boost-silence --boost=1.0 1 exp/tri1/10.mdl - |" "ark:gunzip -c exp/tri1/fsts.1.gz|" "ark,s,cs:apply-cmvn  --utt2spk=ark:data/train/split1/1/utt2spk scp:data/train/split1/1/cmvn.scp scp:data/train/split1/1/feats.scp ark:- | add-deltas  ark:- ark:- |" "ark:|gzip -c >exp/tri1/ali.1.gz" 
# Started at Sat Aug 15 16:07:09 WEST 2020
#
gmm-align-compiled --transition-scale=1.0 --acoustic-scale=0.1 --self-loop-scale=0.1 --beam=10 --retry-beam=40 --careful=false 'gmm-boost-silence --boost=1.0 1 exp/tri1/10.mdl - |' 'ark:gunzip -c exp/tri1/fsts.1.gz|' 'ark,s,cs:apply-cmvn  --utt2spk=ark:data/train/split1/1/utt2spk scp:data/train/split1/1/cmvn.scp scp:data/train/split1/1/feats.scp ark:- | add-deltas  ark:- ark:- |' 'ark:|gzip -c >exp/tri1/ali.1.gz' 
gmm-boost-silence --boost=1.0 1 exp/tri1/10.mdl - 
WARNING (gmm-boost-silence[5.5.698~1-b1786]:main():gmm-boost-silence.cc:82) The pdfs for the silence phones may be shared by other phones (note: this probably does not matter.)
LOG (gmm-boost-silence[5.5.698~1-b1786]:main():gmm-boost-silence.cc:93) Boosted weights for 4 pdfs, by factor of 1
LOG (gmm-boost-silence[5.5.698~1-b1786]:main():gmm-boost-silence.cc:103) Wrote model to -
apply-cmvn --utt2spk=ark:data/train/split1/1/utt2spk scp:data/train/split1/1/cmvn.scp scp:data/train/split1/1/feats.scp ark:- 
add-deltas ark:- ark:- 
LOG (gmm-align-compiled[5.5.698~1-b1786]:main():gmm-align-compiled.cc:127) pedro_cão_sapo_leão_gato
LOG (gmm-align-compiled[5.5.698~1-b1786]:main():gmm-align-compiled.cc:127) pedro_gato_cão_gato_cão
LOG (gmm-align-compiled[5.5.698~1-b1786]:main():gmm-align-compiled.cc:127) pedro_gato_gato_gato_gato
LOG (gmm-align-compiled[5.5.698~1-b1786]:main():gmm-align-compiled.cc:127) pedro_gato_gato_leão_gato
LOG (gmm-align-compiled[5.5.698~1-b1786]:main():gmm-align-compiled.cc:127) pedro_gato_leão_cão_gato
LOG (gmm-align-compiled[5.5.698~1-b1786]:main():gmm-align-compiled.cc:127) pedro_gato_leão_sapo_leão
LOG (gmm-align-compiled[5.5.698~1-b1786]:main():gmm-align-compiled.cc:127) pedro_gato_leão_sapo_sapo
LOG (gmm-align-compiled[5.5.698~1-b1786]:main():gmm-align-compiled.cc:127) pedro_gato_sapo_gato_sapo
LOG (gmm-align-compiled[5.5.698~1-b1786]:main():gmm-align-compiled.cc:127) pedro_leão_cão_gato_sapo
LOG (apply-cmvn[5.5.698~1-b1786]:main():apply-cmvn.cc:162) Applied cepstral mean normalization to 14 utterances, errors on 0
LOG (gmm-align-compiled[5.5.698~1-b1786]:main():gmm-align-compiled.cc:127) pedro_leão_leão_leão_leão
LOG (gmm-align-compiled[5.5.698~1-b1786]:main():gmm-align-compiled.cc:127) pedro_leão_leão_sapo_sapo
LOG (gmm-align-compiled[5.5.698~1-b1786]:main():gmm-align-compiled.cc:127) pedro_leão_leão_sapo_sapo2
LOG (gmm-align-compiled[5.5.698~1-b1786]:main():gmm-align-compiled.cc:127) pedro_leão_sapo_leão_sapo
LOG (gmm-align-compiled[5.5.698~1-b1786]:main():gmm-align-compiled.cc:127) pedro_sapo_sapo_sapo_sapo
LOG (gmm-align-compiled[5.5.698~1-b1786]:main():gmm-align-compiled.cc:135) Overall log-likelihood per frame is -75.7551 over 4814 frames.
LOG (gmm-align-compiled[5.5.698~1-b1786]:main():gmm-align-compiled.cc:137) Retried 0 out of 14 utterances.
LOG (gmm-align-compiled[5.5.698~1-b1786]:main():gmm-align-compiled.cc:139) Done 14, errors on 0
# Accounting: time=0 threads=1
# Ended (code 0) at Sat Aug 15 16:07:09 WEST 2020, elapsed time 0 seconds
