# build-tree --verbose=1 --max-leaves=2000 --cluster-thresh=-1 exp/tri1/treeacc data/lang/phones/roots.int exp/tri1/questions.qst data/lang/topo exp/tri1/tree 
# Started at Sat Aug 15 16:07:07 WEST 2020
#
build-tree --verbose=1 --max-leaves=2000 --cluster-thresh=-1 exp/tri1/treeacc data/lang/phones/roots.int exp/tri1/questions.qst data/lang/topo exp/tri1/tree 
LOG (build-tree[5.5.698~1-b1786]:main():build-tree.cc:104) Number of separate statistics is 116
LOG (build-tree[5.5.698~1-b1786]:BuildTree():build-tree.cc:161) BuildTree: before building trees, map has 12 leaves.
LOG (build-tree[5.5.698~1-b1786]:SplitDecisionTree():build-tree-utils.cc:577) DoDecisionTreeSplit: split 32 times, #leaves now 44
LOG (build-tree[5.5.698~1-b1786]:BuildTree():build-tree.cc:187) Setting clustering threshold to smallest split 313.912
VLOG[1] (build-tree[5.5.698~1-b1786]:BuildTree():build-tree.cc:196) After decision tree split, num-leaves = 44, like-impr = 10.4914 per frame over 4814 frames.
VLOG[1] (build-tree[5.5.698~1-b1786]:BuildTree():build-tree.cc:200) Including just phones that were split, improvement is 10.4914 per frame over 4814 frames.
LOG (build-tree[5.5.698~1-b1786]:BuildTree():build-tree.cc:215) BuildTree: removed 5 leaves.
VLOG[1] (build-tree[5.5.698~1-b1786]:ClusterEventMapToNClustersRestrictedByMap():build-tree-utils.cc:914) Number of non-empty clusters in map = 11
VLOG[1] (build-tree[5.5.698~1-b1786]:ClusterEventMapToNClustersRestrictedByMap():build-tree-utils.cc:915) Number of non-empty clusters = 38
LOG (build-tree[5.5.698~1-b1786]:BuildTree():build-tree.cc:231) BuildTree: Rounded num leaves to multiple of 8 by removing 7 leaves.
VLOG[1] (build-tree[5.5.698~1-b1786]:BuildTree():build-tree.cc:256) Objf change due to clustering -0.935676 per frame.
VLOG[1] (build-tree[5.5.698~1-b1786]:BuildTree():build-tree.cc:259) Normalizing over only split phones, this is: -0.935676 per frame.
VLOG[1] (build-tree[5.5.698~1-b1786]:BuildTree():build-tree.cc:262) Num-leaves is now 32
VLOG[1] (build-tree[5.5.698~1-b1786]:main():build-tree.cc:143) For pdf-id 0, low count 96
VLOG[1] (build-tree[5.5.698~1-b1786]:main():build-tree.cc:143) For pdf-id 1, low count 0
VLOG[1] (build-tree[5.5.698~1-b1786]:main():build-tree.cc:143) For pdf-id 2, low count 75
VLOG[1] (build-tree[5.5.698~1-b1786]:main():build-tree.cc:143) For pdf-id 8, low count 51
VLOG[1] (build-tree[5.5.698~1-b1786]:main():build-tree.cc:143) For pdf-id 9, low count 43
VLOG[1] (build-tree[5.5.698~1-b1786]:main():build-tree.cc:143) For pdf-id 10, low count 64
VLOG[1] (build-tree[5.5.698~1-b1786]:main():build-tree.cc:143) For pdf-id 16, low count 92
VLOG[1] (build-tree[5.5.698~1-b1786]:main():build-tree.cc:143) For pdf-id 18, low count 79
VLOG[1] (build-tree[5.5.698~1-b1786]:main():build-tree.cc:143) For pdf-id 19, low count 51
VLOG[1] (build-tree[5.5.698~1-b1786]:main():build-tree.cc:143) For pdf-id 21, low count 84
VLOG[1] (build-tree[5.5.698~1-b1786]:main():build-tree.cc:143) For pdf-id 23, low count 66
VLOG[1] (build-tree[5.5.698~1-b1786]:main():build-tree.cc:143) For pdf-id 26, low count 92
VLOG[1] (build-tree[5.5.698~1-b1786]:main():build-tree.cc:143) For pdf-id 28, low count 68
VLOG[1] (build-tree[5.5.698~1-b1786]:main():build-tree.cc:143) For pdf-id 29, low count 35
VLOG[1] (build-tree[5.5.698~1-b1786]:main():build-tree.cc:143) For pdf-id 31, low count 58
WARNING (build-tree[5.5.698~1-b1786]:main():build-tree.cc:185) Saw no stats for following phones: 2 3 4 5 6 7 8 9 10 12 13 14 15 17 18 20 21 22 23 24 26 27 28 30 31 33 34 36 37 38 39 40 42 44 45 46 47 48 50 
LOG (build-tree[5.5.698~1-b1786]:main():build-tree.cc:189) Wrote tree
# Accounting: time=0 threads=1
# Ended (code 0) at Sat Aug 15 16:07:07 WEST 2020, elapsed time 0 seconds
