# gmm-init-model --write-occs=exp/tri1/1.occs exp/tri1/tree exp/tri1/treeacc data/lang/topo exp/tri1/1.mdl 
# Started at Sat Aug 15 16:07:07 WEST 2020
#
gmm-init-model --write-occs=exp/tri1/1.occs exp/tri1/tree exp/tri1/treeacc data/lang/topo exp/tri1/1.mdl 
LOG (gmm-init-model[5.5.698~1-b1786]:main():gmm-init-model.cc:271) Number of separate statistics is 116
WARNING (gmm-init-model[5.5.698~1-b1786]:InitAmGmm():gmm-init-model.cc:55) Tree has pdf-id 1 with no stats; corresponding phone list: 6 7 8 9 10 
WARNING (gmm-init-model[5.5.698~1-b1786]:InitAmGmm():gmm-init-model.cc:83) Very small count for state 0: 96; corresponding phone list: 1 2 3 4 5 
WARNING (gmm-init-model[5.5.698~1-b1786]:InitAmGmm():gmm-init-model.cc:83) Very small count for state 2: 75; corresponding phone list: 11 12 13 14 
WARNING (gmm-init-model[5.5.698~1-b1786]:InitAmGmm():gmm-init-model.cc:83) Very small count for state 8: 51; corresponding phone list: 35 36 37 38 
WARNING (gmm-init-model[5.5.698~1-b1786]:InitAmGmm():gmm-init-model.cc:83) Very small count for state 9: 43; corresponding phone list: 39 40 41 42 
WARNING (gmm-init-model[5.5.698~1-b1786]:InitAmGmm():gmm-init-model.cc:83) Very small count for state 10: 64; corresponding phone list: 43 44 45 46 
WARNING (gmm-init-model[5.5.698~1-b1786]:InitAmGmm():gmm-init-model.cc:83) Very small count for state 16: 92; corresponding phone list: 23 24 25 26 
WARNING (gmm-init-model[5.5.698~1-b1786]:InitAmGmm():gmm-init-model.cc:83) Very small count for state 18: 79; corresponding phone list: 43 44 45 46 
WARNING (gmm-init-model[5.5.698~1-b1786]:InitAmGmm():gmm-init-model.cc:83) Very small count for state 19: 51; corresponding phone list: 23 24 25 26 
WARNING (gmm-init-model[5.5.698~1-b1786]:InitAmGmm():gmm-init-model.cc:83) Very small count for state 21: 84; corresponding phone list: 27 28 29 30 
WARNING (gmm-init-model[5.5.698~1-b1786]:InitAmGmm():gmm-init-model.cc:83) Very small count for state 23: 66; corresponding phone list: 39 40 41 42 
WARNING (gmm-init-model[5.5.698~1-b1786]:InitAmGmm():gmm-init-model.cc:83) Very small count for state 26: 92; corresponding phone list: 47 48 49 50 
WARNING (gmm-init-model[5.5.698~1-b1786]:InitAmGmm():gmm-init-model.cc:83) Very small count for state 28: 68; corresponding phone list: 35 36 37 38 
WARNING (gmm-init-model[5.5.698~1-b1786]:InitAmGmm():gmm-init-model.cc:83) Very small count for state 29: 35; corresponding phone list: 23 24 25 26 
WARNING (gmm-init-model[5.5.698~1-b1786]:InitAmGmm():gmm-init-model.cc:83) Very small count for state 31: 58; corresponding phone list: 39 40 41 42 
LOG (gmm-init-model[5.5.698~1-b1786]:main():gmm-init-model.cc:306) Wrote model.
# Accounting: time=0 threads=1
# Ended (code 0) at Sat Aug 15 16:07:07 WEST 2020, elapsed time 0 seconds
