# gmm-est --write-occs=exp/mono/7.occs --mix-up=200 --power=0.25 exp/mono/6.mdl "gmm-sum-accs - exp/mono/6.*.acc|" exp/mono/7.mdl 
# Started at Sat Aug 15 16:07:00 WEST 2020
#
gmm-est --write-occs=exp/mono/7.occs --mix-up=200 --power=0.25 exp/mono/6.mdl 'gmm-sum-accs - exp/mono/6.*.acc|' exp/mono/7.mdl 
gmm-sum-accs - exp/mono/6.1.acc 
LOG (gmm-sum-accs[5.5.698~1-b1786]:main():gmm-sum-accs.cc:63) Summed 1 stats, total count 4814, avg like/frame -82.7797
LOG (gmm-sum-accs[5.5.698~1-b1786]:main():gmm-sum-accs.cc:66) Total count of stats is 4814
LOG (gmm-sum-accs[5.5.698~1-b1786]:main():gmm-sum-accs.cc:67) Written stats to -
LOG (gmm-est[5.5.698~1-b1786]:MleUpdate():transition-model.cc:528) TransitionModel::Update, objf change is 0.000148209 per frame over 4814 frames. 
LOG (gmm-est[5.5.698~1-b1786]:MleUpdate():transition-model.cc:531) 7 probabilities floored, 135 out of 170 transition-states skipped due to insuffient data (it is normal to have some skipped.)
LOG (gmm-est[5.5.698~1-b1786]:main():gmm-est.cc:102) Transition model update: Overall 0.000148209 log-like improvement per frame over 4814 frames.
WARNING (gmm-est[5.5.698~1-b1786]:MleDiagGmmUpdate():mle-diag-gmm.cc:365) Gaussian has too little data but not removing it because it is the last Gaussian: i = 0, occ = 0, weight = 1
WARNING (gmm-est[5.5.698~1-b1786]:MleDiagGmmUpdate():mle-diag-gmm.cc:365) Gaussian has too little data but not removing it because it is the last Gaussian: i = 0, occ = 0, weight = 1
WARNING (gmm-est[5.5.698~1-b1786]:MleDiagGmmUpdate():mle-diag-gmm.cc:365) Gaussian has too little data but not removing it because it is the last Gaussian: i = 0, occ = 0, weight = 1
WARNING (gmm-est[5.5.698~1-b1786]:MleDiagGmmUpdate():mle-diag-gmm.cc:365) Gaussian has too little data but not removing it because it is the last Gaussian: i = 0, occ = 0, weight = 1
WARNING (gmm-est[5.5.698~1-b1786]:MleDiagGmmUpdate():mle-diag-gmm.cc:365) Gaussian has too little data but not removing it because it is the last Gaussian: i = 0, occ = 0, weight = 1
WARNING (gmm-est[5.5.698~1-b1786]:MleDiagGmmUpdate():mle-diag-gmm.cc:359) Too little data - removing Gaussian (weight 0.139841, occupation count 7.271748, vector size 39)
WARNING (gmm-est[5.5.698~1-b1786]:MleDiagGmmUpdate():mle-diag-gmm.cc:359) Too little data - removing Gaussian (weight 0.030517, occupation count 7.415643, vector size 39)
LOG (gmm-est[5.5.698~1-b1786]:MleAmDiagGmmUpdate():mle-am-diag-gmm.cc:225) 0 variance elements floored in 0 Gaussians, out of 167
LOG (gmm-est[5.5.698~1-b1786]:MleAmDiagGmmUpdate():mle-am-diag-gmm.cc:229) Removed 2 Gaussians due to counts < --min-gaussian-occupancy=10 and --remove-low-count-gaussians=true
LOG (gmm-est[5.5.698~1-b1786]:main():gmm-est.cc:113) GMM update: Overall 1.23636 objective function improvement per frame over 4814 frames
LOG (gmm-est[5.5.698~1-b1786]:main():gmm-est.cc:116) GMM update: Overall avg like per frame = -82.7797 over 4814 frames.
LOG (gmm-est[5.5.698~1-b1786]:SplitByCount():am-diag-gmm.cc:116) Split 40 states with target = 200, power = 0.25, perturb_factor = 0.01 and min_count = 20, split #Gauss from 167 to 201
LOG (gmm-est[5.5.698~1-b1786]:main():gmm-est.cc:146) Written model to exp/mono/7.mdl
# Accounting: time=0 threads=1
# Ended (code 0) at Sat Aug 15 16:07:00 WEST 2020, elapsed time 0 seconds
