# gmm-est --write-occs=exp/mono/2.occs --mix-up=40 --power=0.25 exp/mono/1.mdl "gmm-sum-accs - exp/mono/1.*.acc|" exp/mono/2.mdl 
# Started at Sat Aug 15 16:06:59 WEST 2020
#
gmm-est --write-occs=exp/mono/2.occs --mix-up=40 --power=0.25 exp/mono/1.mdl 'gmm-sum-accs - exp/mono/1.*.acc|' exp/mono/2.mdl 
gmm-sum-accs - exp/mono/1.1.acc 
LOG (gmm-sum-accs[5.5.698~1-b1786]:main():gmm-sum-accs.cc:63) Summed 1 stats, total count 4814, avg like/frame -98.4951
LOG (gmm-sum-accs[5.5.698~1-b1786]:main():gmm-sum-accs.cc:66) Total count of stats is 4814
LOG (gmm-sum-accs[5.5.698~1-b1786]:main():gmm-sum-accs.cc:67) Written stats to -
LOG (gmm-est[5.5.698~1-b1786]:MleUpdate():transition-model.cc:528) TransitionModel::Update, objf change is 0.0897035 per frame over 4814 frames. 
LOG (gmm-est[5.5.698~1-b1786]:MleUpdate():transition-model.cc:531) 4 probabilities floored, 136 out of 170 transition-states skipped due to insuffient data (it is normal to have some skipped.)
LOG (gmm-est[5.5.698~1-b1786]:main():gmm-est.cc:102) Transition model update: Overall 0.0897035 log-like improvement per frame over 4814 frames.
WARNING (gmm-est[5.5.698~1-b1786]:MleDiagGmmUpdate():mle-diag-gmm.cc:365) Gaussian has too little data but not removing it because it is the last Gaussian: i = 0, occ = 0, weight = 1
WARNING (gmm-est[5.5.698~1-b1786]:MleDiagGmmUpdate():mle-diag-gmm.cc:365) Gaussian has too little data but not removing it because it is the last Gaussian: i = 0, occ = 0, weight = 1
WARNING (gmm-est[5.5.698~1-b1786]:MleDiagGmmUpdate():mle-diag-gmm.cc:365) Gaussian has too little data but not removing it because it is the last Gaussian: i = 0, occ = 0, weight = 1
WARNING (gmm-est[5.5.698~1-b1786]:MleDiagGmmUpdate():mle-diag-gmm.cc:365) Gaussian has too little data but not removing it because it is the last Gaussian: i = 0, occ = 0, weight = 1
WARNING (gmm-est[5.5.698~1-b1786]:MleDiagGmmUpdate():mle-diag-gmm.cc:365) Gaussian has too little data but not removing it because it is the last Gaussian: i = 0, occ = 0, weight = 1
WARNING (gmm-est[5.5.698~1-b1786]:MleDiagGmmUpdate():mle-diag-gmm.cc:365) Gaussian has too little data but not removing it because it is the last Gaussian: i = 0, occ = 0, weight = 1
WARNING (gmm-est[5.5.698~1-b1786]:MleDiagGmmUpdate():mle-diag-gmm.cc:365) Gaussian has too little data but not removing it because it is the last Gaussian: i = 0, occ = 10, weight = 1
LOG (gmm-est[5.5.698~1-b1786]:MleAmDiagGmmUpdate():mle-am-diag-gmm.cc:225) 0 variance elements floored in 0 Gaussians, out of 40
LOG (gmm-est[5.5.698~1-b1786]:MleAmDiagGmmUpdate():mle-am-diag-gmm.cc:229) Removed 0 Gaussians due to counts < --min-gaussian-occupancy=10 and --remove-low-count-gaussians=true
LOG (gmm-est[5.5.698~1-b1786]:main():gmm-est.cc:113) GMM update: Overall 7.56913 objective function improvement per frame over 4814 frames
LOG (gmm-est[5.5.698~1-b1786]:main():gmm-est.cc:116) GMM update: Overall avg like per frame = -98.4951 over 4814 frames.
LOG (gmm-est[5.5.698~1-b1786]:SplitByCount():am-diag-gmm.cc:116) Split 40 states with target = 40, power = 0.25, perturb_factor = 0.01 and min_count = 20, split #Gauss from 40 to 40
LOG (gmm-est[5.5.698~1-b1786]:main():gmm-est.cc:146) Written model to exp/mono/2.mdl
# Accounting: time=0 threads=1
# Ended (code 0) at Sat Aug 15 16:06:59 WEST 2020, elapsed time 0 seconds
